nohup: ignoring input

> vsembed-ai-devtool@0.1.0 dev:renderer
> webpack serve --config webpack.renderer.config.js

<i> [webpack-dev-server] Project is running at:
<i> [webpack-dev-server] Loopback: http://localhost:3000/, http://[::1]:3000/
<i> [webpack-dev-server] On Your Network (IPv4): http://192.168.1.194:3000/
<i> [webpack-dev-server] Content not from webpack is served from '/home/r/Desktop/v3/VsEmbed/public' directory
asset vendors.bundle.js 1.24 MiB [emitted] [big] (name: vendors) (id hint: vendor) 1 related asset
asset main.bundle.js 327 KiB [emitted] [big] (name: main) 1 related asset
asset index.html 16.4 KiB [emitted]
Entrypoint main [big] 1.56 MiB (1.79 MiB) = vendors.bundle.js 1.24 MiB main.bundle.js 327 KiB 2 auxiliary assets
runtime modules 28.9 KiB 14 modules
cacheable modules 1.41 MiB
  modules by path ./src/renderer/ 190 KiB
    modules by path ./src/renderer/components/ 68.4 KiB 28 modules
    modules by path ./src/renderer/styles/*.css 84.7 KiB 8 modules
    modules by path ./src/renderer/contexts/*.tsx 35.1 KiB 4 modules
    modules by path ./src/renderer/*.tsx 1.47 KiB
      ./src/renderer/index.tsx 748 bytes [built] [code generated]
      ./src/renderer/App.tsx 759 bytes [built] [code generated]
  modules by path ./node_modules/ 1.23 MiB 30 modules
external "events" 42 bytes [built] [code generated]
webpack 5.101.0 compiled successfully in 4266 ms
<i> [webpack-dev-server] Gracefully shutting down. To force exit, press ^C again. Please wait...
